<?xml version="1.0" encoding="UTF-8"?>
<!-- Generated by org.testng.reporters.JUnitXMLReporter -->
<testsuite ignored="0" hostname="LAPTOP-RIS24GSK" failures="0" tests="3" name="Test" time="14.239" errors="0" timestamp="2023-12-15T20:08:13 AWST">
  <testcase classname="STPETEGeneralFolder.BasicFuctionalities" name="TravelCalender" time="6.305"/>
  <testcase classname="STPETEGeneralFolder.BasicFuctionalities" name="searchBar" time="3.642"/>
  <testcase classname="STPETEGeneralFolder.BasicFuctionalities" name="takeScreenshot" time="2.58"/>
</testsuite> <!-- Test -->
