<?xml version="1.0" encoding="UTF-8"?>
<!-- Generated by org.testng.reporters.JUnitXMLReporter -->
<testsuite ignored="0" hostname="LAPTOP-RIS24GSK" failures="0" tests="3" name="Default test" time="13.168" errors="0" timestamp="2023-12-15T20:02:44 AWST">
  <testcase classname="STPETEGeneralFolder.BasicFuctionalities" name="TravelCalender" time="6.391"/>
  <testcase classname="STPETEGeneralFolder.BasicFuctionalities" name="searchBar" time="2.53"/>
  <testcase classname="STPETEGeneralFolder.BasicFuctionalities" name="takeScreenshot" time="2.556"/>
</testsuite> <!-- Default test -->
