<?xml version="1.0" encoding="UTF-8"?>
<testng-results ignored="0" total="3" passed="3" failed="0" skipped="0">
  <reporter-output>
  </reporter-output>
  <suite started-at="2023-12-15T20:07:59 AWST" name="Suite" finished-at="2023-12-15T20:08:13 AWST" duration-ms="14239">
    <groups>
    </groups>
    <test started-at="2023-12-15T20:07:59 AWST" name="Test" finished-at="2023-12-15T20:08:13 AWST" duration-ms="14239">
      <class name="STPETEGeneralFolder.BasicFuctionalities">
        <test-method is-config="true" signature="initializeDriver()[pri:0, instance:STPETEGeneralFolder.BasicFuctionalities@5965d37]" started-at="2023-12-15T20:07:59 AWST" name="initializeDriver" finished-at="2023-12-15T20:08:00 AWST" duration-ms="1665" status="PASS">
          <reporter-output>
          </reporter-output>
        </test-method> <!-- initializeDriver -->
        <test-method signature="TravelCalender()[pri:0, instance:STPETEGeneralFolder.BasicFuctionalities@5965d37]" started-at="2023-12-15T20:08:00 AWST" name="TravelCalender" finished-at="2023-12-15T20:08:07 AWST" duration-ms="6305" status="PASS">
          <reporter-output>
          </reporter-output>
        </test-method> <!-- TravelCalender -->
        <test-method signature="searchBar()[pri:0, instance:STPETEGeneralFolder.BasicFuctionalities@5965d37]" started-at="2023-12-15T20:08:07 AWST" name="searchBar" finished-at="2023-12-15T20:08:10 AWST" duration-ms="3642" status="PASS">
          <reporter-output>
          </reporter-output>
        </test-method> <!-- searchBar -->
        <test-method signature="takeScreenshot()[pri:0, instance:STPETEGeneralFolder.BasicFuctionalities@5965d37]" started-at="2023-12-15T20:08:10 AWST" name="takeScreenshot" finished-at="2023-12-15T20:08:13 AWST" depends-on-methods="STPETEGeneralFolder.BasicFuctionalities.searchBar" duration-ms="2580" status="PASS">
          <reporter-output>
          </reporter-output>
        </test-method> <!-- takeScreenshot -->
      </class> <!-- STPETEGeneralFolder.BasicFuctionalities -->
    </test> <!-- Test -->
  </suite> <!-- Suite -->
</testng-results>
